#
# A fatal error has been detected by the Java Runtime Environment:
#
#  SIGSEGV (0xb) at pc=0x000000010ba462c8, pid=2743, tid=18691
#
# JRE version: Java(TM) SE Runtime Environment (8.0_74-b02) (build 1.8.0_74-b02)
# Java VM: Java HotSpot(TM) 64-Bit Server VM (25.74-b02 mixed mode bsd-amd64 compressed oops)
# Problematic frame:
# V  [libjvm.dylib+0x4462c8]
#
# Failed to write core dump. Core dumps have been disabled. To enable core dumping, try "ulimit -c unlimited" before starting Java again
#
# If you would like to submit a bug report, please visit:
#   http://bugreport.java.com/bugreport/crash.jsp
#

---------------  T H R E A D  ---------------

Current thread (0x00007f925702e000):  JavaThread "JDWP Transport Listener: dt_socket" daemon [_thread_in_vm, id=18691, stack(0x0000000129c48000,0x0000000129d48000)]

siginfo: si_signo: 11 (SIGSEGV), si_code: 0 (unknown), si_addr: 0x0000000000000000

Registers:
RAX=0x0000000000000001, RBX=0x0000000129d47a8b, RCX=0x000000010be15340, RDX=0x0000000129d47a8b
RSP=0x0000000129d479d0, RBP=0x0000000129d479e0, RSI=0x00007f925702e000, RDI=0x7547150001656c69
R8 =0x0000000000000000, R9 =0x00007f9255d00000, R10=0x0000000000000010, R11=0x00007f9255d00000
R12=0x00007f925702e000, R13=0x7547150001656c69, R14=0x7547150001656c69, R15=0x00007f9252f02440
RIP=0x000000010ba462c8, EFLAGS=0x0000000000010206, ERR=0x0000000000000000
  TRAPNO=0x000000000000000d

Top of Stack: (sp=0x0000000129d479d0)
0x0000000129d479d0:   0000000129d47a8b 0000000129d47a8b
0x0000000129d479e0:   0000000129d47a40 000000010b9552fe
0x0000000129d479f0:   00007f925702e000 0000000000000000
0x0000000129d47a00:   0000000000000000 0000000000000000
0x0000000129d47a10:   00007f925702e000 00007f925702e000
0x0000000129d47a20:   0000000129d47a8b 0000000129d47a90
0x0000000129d47a30:   7547150001656c69 0000000000000014
0x0000000129d47a40:   0000000129d47a60 000000010a576780
0x0000000129d47a50:   0000000000000001 0000000129d47b08
0x0000000129d47a60:   0000000129d47ad0 000000010a55b1f3
0x0000000129d47a70:   0000000129d47aa0 00007f925c33c530
0x0000000129d47a80:   0000001500000032 f000100a01d47b08
0x0000000129d47a90:   0000000000000000 0000000000000000
0x0000000129d47aa0:   0000000000000000 0000000129d47c90
0x0000000129d47ab0:   000000010a57de7a 00007f9255d7bb60
0x0000000129d47ac0:   0000000129d47b08 000000010a589598
0x0000000129d47ad0:   0000000129d47ae0 000000010a55b2ec
0x0000000129d47ae0:   0000000129d47d00 000000010a564898
0x0000000129d47af0:   000035c600000013 00000000000f0200
0x0000000129d47b00:   00007f9255dd79c0 00007f9246861bb1
0x0000000129d47b10:   00007f92000007af 00007f925c363d90
0x0000000129d47b20:   00007f920000012c 0000000129d47b58
0x0000000129d47b30:   00007f925c33c680 00007f0000000000
0x0000000129d47b40:   000035c60000001c 00007fff00002780
0x0000000129d47b50:   0000000129d47b58 927f000015000000
0x0000000129d47b60:   060000004077dd55 00006c6c41746567
0x0000000129d47b70:   76616a4c29281200 4c2f6c6974752f61
0x0000000129d47b80:   420000003b747369 2f6176616a4c2928
0x0000000129d47b90:   73694c2f6c697475 742f6d6f634c3c74
0x0000000129d47ba0:   2f776f6c66686365 61646569706f7270
0x0000000129d47bb0:   6f702f5243736564 65706f72502f6f6a
0x0000000129d47bc0:   3b4f4a4f50797472 0000010000003b3e 

Instructions: (pc=0x000000010ba462c8)
0x000000010ba462a8:   40 48 48 85 c0 75 e0 30 c0 0f b6 c0 5d c3 31 c0
0x000000010ba462b8:   5d c3 55 48 89 e5 53 48 83 ec 08 48 85 ff 74 24
0x000000010ba462c8:   48 8b 1f 48 85 db 74 1c 48 83 fb 37 74 16 48 8b
0x000000010ba462d8:   03 48 89 df ff 50 10 84 c0 b8 00 00 00 00 48 0f 

Register to memory mapping:

RAX=0x0000000000000001 is an unknown value
RBX=0x0000000129d47a8b is pointing into the stack for thread: 0x00007f925702e000
RCX=0x000000010be15340: UseMembar+0 in /Library/Java/JavaVirtualMachines/jdk1.8.0_74.jdk/Contents/Home/jre/lib/server/libjvm.dylib at 0x000000010b600000
RDX=0x0000000129d47a8b is pointing into the stack for thread: 0x00007f925702e000
RSP=0x0000000129d479d0 is pointing into the stack for thread: 0x00007f925702e000
RBP=0x0000000129d479e0 is pointing into the stack for thread: 0x00007f925702e000
RSI=0x00007f925702e000 is a thread
RDI=0x7547150001656c69 is an unknown value
R8 =0x0000000000000000 is an unknown value
R9 =0x00007f9255d00000 is an unknown value
R10=0x0000000000000010 is an unknown value
R11=0x00007f9255d00000 is an unknown value
R12=0x00007f925702e000 is a thread
R13=0x7547150001656c69 is an unknown value
R14=0x7547150001656c69 is an unknown value
R15=0x00007f9252f02440 is an unknown value


Stack: [0x0000000129c48000,0x0000000129d48000],  sp=0x0000000129d479d0,  free space=1022k
Native frames: (J=compiled Java code, j=interpreted, Vv=VM code, C=native code)
V  [libjvm.dylib+0x4462c8]
V  [libjvm.dylib+0x3552fe]
C  [libjdwp.dylib+0x20780]  isMethodSynthetic+0x63
C  [libjdwp.dylib+0x51f3]  methods1+0x10b
C  [libjdwp.dylib+0x52ec]  methodsWithGeneric+0xe
C  [libjdwp.dylib+0xe898]  debugLoop_run+0x1ce
C  [libjdwp.dylib+0x1f6ba]  attachThread+0x4d
V  [libjvm.dylib+0x39665c]
V  [libjvm.dylib+0x560e03]
V  [libjvm.dylib+0x5624fe]
V  [libjvm.dylib+0x482eda]
C  [libsystem_pthread.dylib+0x405a]  _pthread_body+0x83
C  [libsystem_pthread.dylib+0x3fd7]  _pthread_body+0x0
C  [libsystem_pthread.dylib+0x13ed]  thread_start+0xd
C  0x0000000000000000


---------------  P R O C E S S  ---------------

Java Threads: ( => current thread )
  0x00007f9246820800 JavaThread "http-nio-8080-exec-8" daemon [_thread_blocked, id=32771, stack(0x000000012f568000,0x000000012f668000)]
  0x00007f9256801000 JavaThread "http-nio-8080-exec-10" daemon [_thread_blocked, id=32259, stack(0x000000012f465000,0x000000012f565000)]
  0x00007f9248013800 JavaThread "http-nio-8080-exec-9" daemon [_thread_blocked, id=31747, stack(0x000000012f362000,0x000000012f462000)]
  0x00007f924681f800 JavaThread "http-nio-8080-exec-7" daemon [_thread_blocked, id=31235, stack(0x000000012f25f000,0x000000012f35f000)]
  0x00007f924681e800 JavaThread "http-nio-8080-exec-6" daemon [_thread_blocked, id=30723, stack(0x000000012f15c000,0x000000012f25c000)]
  0x00007f9256836800 JavaThread "http-nio-8080-exec-5" daemon [_thread_blocked, id=30211, stack(0x000000012dbe7000,0x000000012dce7000)]
  0x00007f9253a7c000 JavaThread "http-nio-8080-exec-4" daemon [_thread_blocked, id=29699, stack(0x000000012d64d000,0x000000012d74d000)]
  0x00007f9253a24800 JavaThread "http-nio-8080-exec-3" daemon [_thread_blocked, id=14347, stack(0x000000012cd68000,0x000000012ce68000)]
  0x00007f9248ba8000 JavaThread "http-nio-8080-exec-2" daemon [_thread_blocked, id=14087, stack(0x000000012c5fc000,0x000000012c6fc000)]
  0x00007f92581b9000 JavaThread "http-nio-8080-exec-1" daemon [_thread_blocked, id=15111, stack(0x000000012a99d000,0x000000012aa9d000)]
  0x00007f925bff7000 JavaThread "DestroyJavaVM" [_thread_blocked, id=4867, stack(0x000000010c590000,0x000000010c690000)]
  0x00007f9257d13000 JavaThread "http-nio-8080-Acceptor-0" daemon [_thread_in_native, id=28931, stack(0x000000012ee59000,0x000000012ef59000)]
  0x00007f925bff6800 JavaThread "http-nio-8080-ClientPoller-1" daemon [_thread_in_native, id=28419, stack(0x000000012ed56000,0x000000012ee56000)]
  0x00007f925bda3800 JavaThread "http-nio-8080-ClientPoller-0" daemon [_thread_in_native, id=27907, stack(0x000000012e7f3000,0x000000012e8f3000)]
  0x00007f925377b000 JavaThread "NioBlockingSelector.BlockPoller-1" daemon [_thread_in_native, id=27395, stack(0x000000012e6f0000,0x000000012e7f0000)]
  0x00007f9253a8e000 JavaThread "Abandoned connection cleanup thread" daemon [_thread_blocked, id=26883, stack(0x000000012ea53000,0x000000012eb53000)]
  0x00007f92584a0800 JavaThread "Tomcat JDBC Pool Cleaner[414493378:1459640370199]" daemon [_thread_blocked, id=26371, stack(0x000000012e950000,0x000000012ea50000)]
  0x00007f9256933000 JavaThread "container-0" [_thread_blocked, id=25859, stack(0x000000012ba5a000,0x000000012bb5a000)]
  0x00007f925945c000 JavaThread "ContainerBackgroundProcessor[StandardEngine[Tomcat].StandardHost[localhost].StandardContext[/propiedadesCR]]" daemon [_thread_blocked, id=25347, stack(0x000000012b08c000,0x000000012b18c000)]
  0x00007f9253036800 JavaThread "Service Thread" daemon [_thread_blocked, id=22275, stack(0x000000012a35d000,0x000000012a45d000)]
  0x00007f9257030800 JavaThread "C1 CompilerThread3" daemon [_thread_blocked, id=21763, stack(0x000000012a25a000,0x000000012a35a000)]
  0x00007f9256025800 JavaThread "C2 CompilerThread2" daemon [_thread_blocked, id=21251, stack(0x000000012a157000,0x000000012a257000)]
  0x00007f9255001000 JavaThread "C2 CompilerThread1" daemon [_thread_blocked, id=20739, stack(0x000000012a054000,0x000000012a154000)]
  0x00007f9253037800 JavaThread "C2 CompilerThread0" daemon [_thread_blocked, id=20227, stack(0x0000000129f51000,0x000000012a051000)]
  0x00007f9256804000 JavaThread "JDWP Command Reader" daemon [_thread_in_native, id=19715, stack(0x0000000129e4e000,0x0000000129f4e000)]
  0x00007f925702f000 JavaThread "JDWP Event Helper Thread" daemon [_thread_blocked, id=19203, stack(0x0000000129d4b000,0x0000000129e4b000)]
=>0x00007f925702e000 JavaThread "JDWP Transport Listener: dt_socket" daemon [_thread_in_vm, id=18691, stack(0x0000000129c48000,0x0000000129d48000)]
  0x00007f9253047000 JavaThread "Signal Dispatcher" daemon [_thread_blocked, id=15383, stack(0x0000000129b3e000,0x0000000129c3e000)]
  0x00007f9254813800 JavaThread "Finalizer" daemon [_thread_blocked, id=13571, stack(0x000000012811e000,0x000000012821e000)]
  0x00007f9254810800 JavaThread "Reference Handler" daemon [_thread_blocked, id=13059, stack(0x000000012801b000,0x000000012811b000)]

Other Threads:
  0x00007f925701d800 VMThread [stack: 0x0000000127f18000,0x0000000128018000] [id=12547]
  0x00007f925303b000 WatcherThread [stack: 0x000000012a460000,0x000000012a560000] [id=22787]

VM state:not at safepoint (normal execution)

VM Mutex/Monitor currently owned by a thread: None

Heap:
 PSYoungGen      total 409088K, used 83703K [0x000000076ab00000, 0x0000000785e00000, 0x00000007c0000000)
  eden space 382976K, 21% used [0x000000076ab00000,0x000000076fcbdd78,0x0000000782100000)
  from space 26112K, 0% used [0x0000000784480000,0x0000000784480000,0x0000000785e00000)
  to   space 30208K, 0% used [0x0000000782300000,0x0000000782300000,0x0000000784080000)
 ParOldGen       total 262144K, used 55634K [0x00000006c0000000, 0x00000006d0000000, 0x000000076ab00000)
  object space 262144K, 21% used [0x00000006c0000000,0x00000006c3654858,0x00000006d0000000)
 Metaspace       used 60530K, capacity 61702K, committed 61912K, reserved 1103872K
  class space    used 7165K, capacity 7401K, committed 7424K, reserved 1048576K

Card table byte_map: [0x000000011ba52000,0x000000011c253000] byte_map_base: 0x0000000118452000

Marking Bits: (ParMarkBitMap*) 0x000000010bee3ea0
 Begin Bits: [0x000000011cfc1000, 0x0000000120fc1000)
 End Bits:   [0x0000000120fc1000, 0x0000000124fc1000)

Polling page: 0x000000010a555000

CodeCache: size=245760Kb used=27046Kb max_used=27173Kb free=218713Kb
 bounds [0x000000010c692000, 0x000000010e142000, 0x000000011b692000]
 total_blobs=7831 nmethods=7277 adapters=474
 compilation: enabled

Compilation events (10 events):
Event: 467.218 Thread 0x00007f9257030800 8796       1       java.util.concurrent.atomic.AtomicLong::set (6 bytes)
Event: 467.218 Thread 0x00007f9257030800 nmethod 8796 0x000000010cbc9a90 code [0x000000010cbc9be0, 0x000000010cbc9d10]
Event: 484.683 Thread 0x00007f9257030800 8797       1       java.util.concurrent.atomic.AtomicLong::getAndSet (12 bytes)
Event: 484.683 Thread 0x00007f9257030800 nmethod 8797 0x000000010cc5ab50 code [0x000000010cc5aca0, 0x000000010cc5adb0]
Event: 485.688 Thread 0x00007f9257030800 8798       1       org.apache.tomcat.util.net.NioEndpoint::access$700 (5 bytes)
Event: 485.688 Thread 0x00007f9257030800 nmethod 8798 0x000000010cd889d0 code [0x000000010cd88b20, 0x000000010cd88c10]
Event: 513.377 Thread 0x00007f9255001000 8799       4       org.apache.catalina.webresources.Cache$EvictionOrder::compare (13 bytes)
Event: 513.379 Thread 0x00007f9255001000 nmethod 8799 0x000000010c955110 code [0x000000010c955260, 0x000000010c955378]
Event: 578.493 Thread 0x00007f9257030800 8800       3       java.util.TreeSet::add (22 bytes)
Event: 578.494 Thread 0x00007f9257030800 nmethod 8800 0x000000010cbe0890 code [0x000000010cbe0a00, 0x000000010cbe0ca8]

GC Heap History (10 events):
Event: 4.111 GC heap before
{Heap before GC invocations=9 (full 2):
 PSYoungGen      total 268800K, used 13795K [0x000000076ab00000, 0x0000000781280000, 0x00000007c0000000)
  eden space 254976K, 0% used [0x000000076ab00000,0x000000076ab00000,0x000000077a400000)
  from space 13824K, 99% used [0x000000077a400000,0x000000077b178df8,0x000000077b180000)
  to   space 22016K, 0% used [0x000000077fd00000,0x000000077fd00000,0x0000000781280000)
 ParOldGen       total 101888K, used 26541K [0x00000006c0000000, 0x00000006c6380000, 0x000000076ab00000)
  object space 101888K, 26% used [0x00000006c0000000,0x00000006c19eb668,0x00000006c6380000)
 Metaspace       used 34894K, capacity 35204K, committed 35456K, reserved 1081344K
  class space    used 4310K, capacity 4410K, committed 4480K, reserved 1048576K
Event: 4.162 GC heap after
Heap after GC invocations=9 (full 2):
 PSYoungGen      total 268800K, used 0K [0x000000076ab00000, 0x0000000781280000, 0x00000007c0000000)
  eden space 254976K, 0% used [0x000000076ab00000,0x000000076ab00000,0x000000077a400000)
  from space 13824K, 0% used [0x000000077a400000,0x000000077a400000,0x000000077b180000)
  to   space 22016K, 0% used [0x000000077fd00000,0x000000077fd00000,0x0000000781280000)
 ParOldGen       total 188928K, used 36236K [0x00000006c0000000, 0x00000006cb880000, 0x000000076ab00000)
  object space 188928K, 19% used [0x00000006c0000000,0x00000006c23630a8,0x00000006cb880000)
 Metaspace       used 34894K, capacity 35204K, committed 35456K, reserved 1081344K
  class space    used 4310K, capacity 4410K, committed 4480K, reserved 1048576K
}
Event: 5.864 GC heap before
{Heap before GC invocations=10 (full 2):
 PSYoungGen      total 268800K, used 254976K [0x000000076ab00000, 0x0000000781280000, 0x00000007c0000000)
  eden space 254976K, 100% used [0x000000076ab00000,0x000000077a400000,0x000000077a400000)
  from space 13824K, 0% used [0x000000077a400000,0x000000077a400000,0x000000077b180000)
  to   space 22016K, 0% used [0x000000077fd00000,0x000000077fd00000,0x0000000781280000)
 ParOldGen       total 188928K, used 36236K [0x00000006c0000000, 0x00000006cb880000, 0x000000076ab00000)
  object space 188928K, 19% used [0x00000006c0000000,0x00000006c23630a8,0x00000006cb880000)
 Metaspace       used 46421K, capacity 46966K, committed 47104K, reserved 1091584K
  class space    used 5740K, capacity 5875K, committed 5888K, reserved 1048576K
Event: 5.882 GC heap after
Heap after GC invocations=10 (full 2):
 PSYoungGen      total 343552K, used 20069K [0x000000076ab00000, 0x0000000783e00000, 0x00000007c0000000)
  eden space 321536K, 0% used [0x000000076ab00000,0x000000076ab00000,0x000000077e500000)
  from space 22016K, 91% used [0x000000077fd00000,0x0000000781099430,0x0000000781280000)
  to   space 24576K, 0% used [0x000000077e500000,0x000000077e500000,0x000000077fd00000)
 ParOldGen       total 188928K, used 36244K [0x00000006c0000000, 0x00000006cb880000, 0x000000076ab00000)
  object space 188928K, 19% used [0x00000006c0000000,0x00000006c23650a8,0x00000006cb880000)
 Metaspace       used 46421K, capacity 46966K, committed 47104K, reserved 1091584K
  class space    used 5740K, capacity 5875K, committed 5888K, reserved 1048576K
}
Event: 9.695 GC heap before
{Heap before GC invocations=11 (full 2):
 PSYoungGen      total 343552K, used 341605K [0x000000076ab00000, 0x0000000783e00000, 0x00000007c0000000)
  eden space 321536K, 100% used [0x000000076ab00000,0x000000077e500000,0x000000077e500000)
  from space 22016K, 91% used [0x000000077fd00000,0x0000000781099430,0x0000000781280000)
  to   space 24576K, 0% used [0x000000077e500000,0x000000077e500000,0x000000077fd00000)
 ParOldGen       total 188928K, used 36244K [0x00000006c0000000, 0x00000006cb880000, 0x000000076ab00000)
  object space 188928K, 19% used [0x00000006c0000000,0x00000006c23650a8,0x00000006cb880000)
 Metaspace       used 49464K, capacity 49982K, committed 50304K, reserved 1093632K
  class space    used 6120K, capacity 6235K, committed 6272K, reserved 1048576K
Event: 9.708 GC heap after
Heap after GC invocations=11 (full 2):
 PSYoungGen      total 346112K, used 19298K [0x000000076ab00000, 0x0000000785e00000, 0x00000007c0000000)
  eden space 321536K, 0% used [0x000000076ab00000,0x000000076ab00000,0x000000077e500000)
  from space 24576K, 78% used [0x000000077e500000,0x000000077f7d89d8,0x000000077fd00000)
  to   space 26112K, 0% used [0x0000000784480000,0x0000000784480000,0x0000000785e00000)
 ParOldGen       total 188928K, used 36252K [0x00000006c0000000, 0x00000006cb880000, 0x000000076ab00000)
  object space 188928K, 19% used [0x00000006c0000000,0x00000006c23670a8,0x00000006cb880000)
 Metaspace       used 49464K, capacity 49982K, committed 50304K, reserved 1093632K
  class space    used 6120K, capacity 6235K, committed 6272K, reserved 1048576K
}
Event: 27.865 GC heap before
{Heap before GC invocations=12 (full 2):
 PSYoungGen      total 346112K, used 136588K [0x000000076ab00000, 0x0000000785e00000, 0x00000007c0000000)
  eden space 321536K, 36% used [0x000000076ab00000,0x0000000771d8a678,0x000000077e500000)
  from space 24576K, 78% used [0x000000077e500000,0x000000077f7d89d8,0x000000077fd00000)
  to   space 26112K, 0% used [0x0000000784480000,0x0000000784480000,0x0000000785e00000)
 ParOldGen       total 188928K, used 36252K [0x00000006c0000000, 0x00000006cb880000, 0x000000076ab00000)
  object space 188928K, 19% used [0x00000006c0000000,0x00000006c23670a8,0x00000006cb880000)
 Metaspace       used 58329K, capacity 58898K, committed 59096K, reserved 1101824K
  class space    used 6934K, capacity 7083K, committed 7168K, reserved 1048576K
Event: 27.897 GC heap after
Heap after GC invocations=12 (full 2):
 PSYoungGen      total 409088K, used 26087K [0x000000076ab00000, 0x0000000785e00000, 0x00000007c0000000)
  eden space 382976K, 0% used [0x000000076ab00000,0x000000076ab00000,0x0000000782100000)
  from space 26112K, 99% used [0x0000000784480000,0x0000000785df9e50,0x0000000785e00000)
  to   space 30208K, 0% used [0x0000000782300000,0x0000000782300000,0x0000000784080000)
 ParOldGen       total 188928K, used 37907K [0x00000006c0000000, 0x00000006cb880000, 0x000000076ab00000)
  object space 188928K, 20% used [0x00000006c0000000,0x00000006c2504ce8,0x00000006cb880000)
 Metaspace       used 58329K, capacity 58898K, committed 59096K, reserved 1101824K
  class space    used 6934K, capacity 7083K, committed 7168K, reserved 1048576K
}
Event: 27.897 GC heap before
{Heap before GC invocations=13 (full 3):
 PSYoungGen      total 409088K, used 26087K [0x000000076ab00000, 0x0000000785e00000, 0x00000007c0000000)
  eden space 382976K, 0% used [0x000000076ab00000,0x000000076ab00000,0x0000000782100000)
  from space 26112K, 99% used [0x0000000784480000,0x0000000785df9e50,0x0000000785e00000)
  to   space 30208K, 0% used [0x0000000782300000,0x0000000782300000,0x0000000784080000)
 ParOldGen       total 188928K, used 37907K [0x00000006c0000000, 0x00000006cb880000, 0x000000076ab00000)
  object space 188928K, 20% used [0x00000006c0000000,0x00000006c2504ce8,0x00000006cb880000)
 Metaspace       used 58329K, capacity 58898K, committed 59096K, reserved 1101824K
  class space    used 6934K, capacity 7083K, committed 7168K, reserved 1048576K
Event: 28.113 GC heap after
Heap after GC invocations=13 (full 3):
 PSYoungGen      total 409088K, used 0K [0x000000076ab00000, 0x0000000785e00000, 0x00000007c0000000)
  eden space 382976K, 0% used [0x000000076ab00000,0x000000076ab00000,0x0000000782100000)
  from space 26112K, 0% used [0x0000000784480000,0x0000000784480000,0x0000000785e00000)
  to   space 30208K, 0% used [0x0000000782300000,0x0000000782300000,0x0000000784080000)
 ParOldGen       total 262144K, used 55634K [0x00000006c0000000, 0x00000006d0000000, 0x000000076ab00000)
  object space 262144K, 21% used [0x00000006c0000000,0x00000006c3654858,0x00000006d0000000)
 Metaspace       used 58329K, capacity 58898K, committed 59096K, reserved 1101824K
  class space    used 6934K, capacity 7083K, committed 7168K, reserved 1048576K
}

Deoptimization events (10 events):
Event: 121.225 Thread 0x00007f9246820800 Uncommon trap: reason=unhandled action=none pc=0x000000010c7beedc method=java.net.URLClassLoader.findClass(Ljava/lang/String;)Ljava/lang/Class; @ 44
Event: 121.226 Thread 0x00007f9246820800 Uncommon trap: reason=range_check action=none pc=0x000000010c8cc42c method=sun.reflect.generics.parser.SignatureParser.current()C @ 34
Event: 121.226 Thread 0x00007f9246820800 Uncommon trap: reason=range_check action=none pc=0x000000010c8cc42c method=sun.reflect.generics.parser.SignatureParser.current()C @ 34
Event: 121.227 Thread 0x00007f9246820800 Uncommon trap: reason=range_check action=none pc=0x000000010c8cc42c method=sun.reflect.generics.parser.SignatureParser.current()C @ 34
Event: 121.227 Thread 0x00007f9246820800 Uncommon trap: reason=range_check action=none pc=0x000000010c8cc42c method=sun.reflect.generics.parser.SignatureParser.current()C @ 34
Event: 121.227 Thread 0x00007f9246820800 Uncommon trap: reason=range_check action=none pc=0x000000010c8cc42c method=sun.reflect.generics.parser.SignatureParser.current()C @ 34
Event: 121.227 Thread 0x00007f9246820800 Uncommon trap: reason=range_check action=none pc=0x000000010c8cc42c method=sun.reflect.generics.parser.SignatureParser.current()C @ 34
Event: 121.228 Thread 0x00007f9246820800 Uncommon trap: reason=range_check action=none pc=0x000000010c8cc42c method=sun.reflect.generics.parser.SignatureParser.current()C @ 34
Event: 121.228 Thread 0x00007f9246820800 Uncommon trap: reason=unhandled action=none pc=0x000000010c7beedc method=java.net.URLClassLoader.findClass(Ljava/lang/String;)Ljava/lang/Class; @ 44
Event: 121.229 Thread 0x00007f9246820800 Uncommon trap: reason=unhandled action=none pc=0x000000010c7beedc method=java.net.URLClassLoader.findClass(Ljava/lang/String;)Ljava/lang/Class; @ 44

Internal exceptions (10 events):
Event: 121.223 Thread 0x00007f9246820800 Exception <a 'java/lang/ArrayIndexOutOfBoundsException': 31> (0x000000076d4f02d8) thrown at [/Users/java_re/workspace/8-2-build-macosx-x86_64/jdk8u74/6087/hotspot/src/share/vm/interpreter/interpreterRuntime.cpp, line 366]
Event: 121.223 Thread 0x00007f9246820800 Exception <a 'java/lang/ArrayIndexOutOfBoundsException': 69> (0x000000076d4f50d0) thrown at [/Users/java_re/workspace/8-2-build-macosx-x86_64/jdk8u74/6087/hotspot/src/share/vm/interpreter/interpreterRuntime.cpp, line 366]
Event: 121.223 Thread 0x00007f9246820800 Exception <a 'java/lang/ArrayIndexOutOfBoundsException': 31> (0x000000076d504500) thrown at [/Users/java_re/workspace/8-2-build-macosx-x86_64/jdk8u74/6087/hotspot/src/share/vm/interpreter/interpreterRuntime.cpp, line 366]
Event: 121.226 Thread 0x00007f9246820800 Exception <a 'java/lang/ArrayIndexOutOfBoundsException': 31> (0x000000076d563af8) thrown at [/Users/java_re/workspace/8-2-build-macosx-x86_64/jdk8u74/6087/hotspot/src/share/vm/interpreter/interpreterRuntime.cpp, line 366]
Event: 121.226 Thread 0x00007f9246820800 Exception <a 'java/lang/ArrayIndexOutOfBoundsException': 67> (0x000000076d567e48) thrown at [/Users/java_re/workspace/8-2-build-macosx-x86_64/jdk8u74/6087/hotspot/src/share/vm/interpreter/interpreterRuntime.cpp, line 366]
Event: 121.227 Thread 0x00007f9246820800 Exception <a 'java/lang/ArrayIndexOutOfBoundsException': 31> (0x000000076d576df8) thrown at [/Users/java_re/workspace/8-2-build-macosx-x86_64/jdk8u74/6087/hotspot/src/share/vm/interpreter/interpreterRuntime.cpp, line 366]
Event: 121.227 Thread 0x00007f9246820800 Exception <a 'java/lang/ArrayIndexOutOfBoundsException': 31> (0x000000076dedf790) thrown at [/Users/java_re/workspace/8-2-build-macosx-x86_64/jdk8u74/6087/hotspot/src/share/vm/interpreter/interpreterRuntime.cpp, line 366]
Event: 121.227 Thread 0x00007f9246820800 Exception <a 'java/lang/ArrayIndexOutOfBoundsException': 31> (0x000000076deee348) thrown at [/Users/java_re/workspace/8-2-build-macosx-x86_64/jdk8u74/6087/hotspot/src/share/vm/interpreter/interpreterRuntime.cpp, line 366]
Event: 121.228 Thread 0x00007f9246820800 Exception <a 'java/lang/ArrayIndexOutOfBoundsException': 31> (0x000000076defda10) thrown at [/Users/java_re/workspace/8-2-build-macosx-x86_64/jdk8u74/6087/hotspot/src/share/vm/interpreter/interpreterRuntime.cpp, line 366]
Event: 121.228 Thread 0x00007f9246820800 Exception <a 'java/lang/ArrayIndexOutOfBoundsException': 31> (0x000000076df07ee0) thrown at [/Users/java_re/workspace/8-2-build-macosx-x86_64/jdk8u74/6087/hotspot/src/share/vm/interpreter/interpreterRuntime.cpp, line 366]

Events (10 events):
Event: 467.218 Thread 0x00007f9257030800 flushing nmethod 0x000000010cd2fa10
Event: 484.683 Thread 0x00007f9257030800 flushing nmethod 0x000000010cd887d0
Event: 485.688 Thread 0x00007f9257030800 flushing nmethod 0x000000010cf22910
Event: 485.688 Thread 0x00007f9257030800 flushing nmethod 0x000000010cf2ed90
Event: 485.689 Thread 0x00007f9257030800 flushing nmethod 0x000000010cfd1750
Event: 572.180 Executing VM operation: RedefineClasses
Event: 578.493 Executing VM operation: RedefineClasses done
Event: 578.494 Thread 0x00007f9257030800 flushing nmethod 0x000000010d3af3d0
Event: 605.168 Executing VM operation: RedefineClasses
Event: 605.216 Executing VM operation: RedefineClasses done


Dynamic libraries:
0x0000000006a2d000 	/System/Library/Frameworks/Cocoa.framework/Versions/A/Cocoa
0x0000000006a2d000 	/System/Library/Frameworks/Security.framework/Versions/A/Security
0x0000000006a2d000 	/System/Library/Frameworks/ApplicationServices.framework/Versions/A/ApplicationServices
0x0000000006a2d000 	/usr/lib/libz.1.dylib
0x0000000006a2d000 	/usr/lib/libSystem.B.dylib
0x0000000006a2d000 	/usr/lib/libobjc.A.dylib
0x0000000006a2d000 	/System/Library/Frameworks/CoreFoundation.framework/Versions/A/CoreFoundation
0x0000000006a2d000 	/System/Library/Frameworks/Foundation.framework/Versions/C/Foundation
0x0000000006a2d000 	/System/Library/Frameworks/AppKit.framework/Versions/C/AppKit
0x0000000006a2d000 	/System/Library/Frameworks/CoreData.framework/Versions/A/CoreData
0x0000000006a2d000 	/System/Library/PrivateFrameworks/RemoteViewServices.framework/Versions/A/RemoteViewServices
0x0000000006a2d000 	/System/Library/PrivateFrameworks/UIFoundation.framework/Versions/A/UIFoundation
0x0000000006a2d000 	/System/Library/Frameworks/IOSurface.framework/Versions/A/IOSurface
0x0000000006a2d000 	/System/Library/Frameworks/AudioToolbox.framework/Versions/A/AudioToolbox
0x0000000006a2d000 	/System/Library/Frameworks/AudioUnit.framework/Versions/A/AudioUnit
0x0000000006a2d000 	/System/Library/PrivateFrameworks/DataDetectorsCore.framework/Versions/A/DataDetectorsCore
0x0000000006a2d000 	/System/Library/PrivateFrameworks/DesktopServicesPriv.framework/Versions/A/DesktopServicesPriv
0x0000000006a2d000 	/System/Library/Frameworks/Carbon.framework/Versions/A/Frameworks/HIToolbox.framework/Versions/A/HIToolbox
0x0000000006a2d000 	/System/Library/Frameworks/QuartzCore.framework/Versions/A/QuartzCore
0x0000000006a2d000 	/System/Library/Frameworks/Carbon.framework/Versions/A/Frameworks/SpeechRecognition.framework/Versions/A/SpeechRecognition
0x0000000006a2d000 	/usr/lib/libauto.dylib
0x0000000006a2d000 	/usr/lib/libicucore.A.dylib
0x0000000006a2d000 	/usr/lib/libxml2.2.dylib
0x0000000006a2d000 	/System/Library/PrivateFrameworks/CoreUI.framework/Versions/A/CoreUI
0x0000000006a2d000 	/System/Library/Frameworks/CoreAudio.framework/Versions/A/CoreAudio
0x0000000006a2d000 	/System/Library/Frameworks/DiskArbitration.framework/Versions/A/DiskArbitration
0x0000000006a2d000 	/usr/lib/liblangid.dylib
0x0000000006a2d000 	/System/Library/PrivateFrameworks/MultitouchSupport.framework/Versions/A/MultitouchSupport
0x0000000006a2d000 	/System/Library/Frameworks/IOKit.framework/Versions/A/IOKit
0x0000000006a2d000 	/usr/lib/libDiagnosticMessagesClient.dylib
0x0000000006a2d000 	/System/Library/Frameworks/CoreServices.framework/Versions/A/CoreServices
0x0000000006a2d000 	/System/Library/PrivateFrameworks/PerformanceAnalysis.framework/Versions/A/PerformanceAnalysis
0x0000000006a2d000 	/System/Library/PrivateFrameworks/GenerationalStorage.framework/Versions/A/GenerationalStorage
0x0000000006a2d000 	/System/Library/Frameworks/OpenGL.framework/Versions/A/OpenGL
0x0000000006a2d000 	/System/Library/PrivateFrameworks/Sharing.framework/Versions/A/Sharing
0x0000000006a2d000 	/System/Library/Frameworks/CoreGraphics.framework/Versions/A/CoreGraphics
0x0000000006a2d000 	/System/Library/Frameworks/CoreText.framework/Versions/A/CoreText
0x0000000006a2d000 	/System/Library/Frameworks/ImageIO.framework/Versions/A/ImageIO
0x0000000006a2d000 	/usr/lib/libextension.dylib
0x0000000006a2d000 	/System/Library/PrivateFrameworks/Backup.framework/Versions/A/Backup
0x0000000006a2d000 	/usr/lib/libarchive.2.dylib
0x0000000006a2d000 	/System/Library/Frameworks/CFNetwork.framework/Versions/A/CFNetwork
0x0000000006a2d000 	/System/Library/Frameworks/SystemConfiguration.framework/Versions/A/SystemConfiguration
0x0000000006a2d000 	/usr/lib/libCRFSuite.dylib
0x0000000006a2d000 	/usr/lib/libc++.1.dylib
0x0000000006a2d000 	/usr/lib/libc++abi.dylib
0x0000000006a2d000 	/usr/lib/system/libcache.dylib
0x0000000006a2d000 	/usr/lib/system/libcommonCrypto.dylib
0x0000000006a2d000 	/usr/lib/system/libcompiler_rt.dylib
0x0000000006a2d000 	/usr/lib/system/libcopyfile.dylib
0x0000000006a2d000 	/usr/lib/system/libcorecrypto.dylib
0x0000000006a2d000 	/usr/lib/system/libdispatch.dylib
0x0000000006a2d000 	/usr/lib/system/libdyld.dylib
0x0000000006a2d000 	/usr/lib/system/libkeymgr.dylib
0x0000000006a2d000 	/usr/lib/system/liblaunch.dylib
0x0000000006a2d000 	/usr/lib/system/libmacho.dylib
0x0000000006a2d000 	/usr/lib/system/libquarantine.dylib
0x0000000006a2d000 	/usr/lib/system/libremovefile.dylib
0x0000000006a2d000 	/usr/lib/system/libsystem_asl.dylib
0x0000000006a2d000 	/usr/lib/system/libsystem_blocks.dylib
0x0000000006a2d000 	/usr/lib/system/libsystem_c.dylib
0x0000000006a2d000 	/usr/lib/system/libsystem_configuration.dylib
0x0000000006a2d000 	/usr/lib/system/libsystem_coreservices.dylib
0x0000000006a2d000 	/usr/lib/system/libsystem_coretls.dylib
0x0000000006a2d000 	/usr/lib/system/libsystem_dnssd.dylib
0x0000000006a2d000 	/usr/lib/system/libsystem_info.dylib
0x0000000006a2d000 	/usr/lib/system/libsystem_kernel.dylib
0x0000000006a2d000 	/usr/lib/system/libsystem_m.dylib
0x0000000006a2d000 	/usr/lib/system/libsystem_malloc.dylib
0x0000000006a2d000 	/usr/lib/system/libsystem_network.dylib
0x0000000006a2d000 	/usr/lib/system/libsystem_networkextension.dylib
0x0000000006a2d000 	/usr/lib/system/libsystem_notify.dylib
0x0000000006a2d000 	/usr/lib/system/libsystem_platform.dylib
0x0000000006a2d000 	/usr/lib/system/libsystem_pthread.dylib
0x0000000006a2d000 	/usr/lib/system/libsystem_sandbox.dylib
0x0000000006a2d000 	/usr/lib/system/libsystem_secinit.dylib
0x0000000006a2d000 	/usr/lib/system/libsystem_stats.dylib
0x0000000006a2d000 	/usr/lib/system/libsystem_trace.dylib
0x0000000006a2d000 	/usr/lib/system/libunc.dylib
0x0000000006a2d000 	/usr/lib/system/libunwind.dylib
0x0000000006a2d000 	/usr/lib/system/libxpc.dylib
0x0000000006a2d000 	/usr/lib/libbz2.1.0.dylib
0x0000000006a2d000 	/usr/lib/liblzma.5.dylib
0x0000000006a2d000 	/usr/lib/libbsm.0.dylib
0x0000000006a2d000 	/usr/lib/libsqlite3.dylib
0x0000000006a2d000 	/usr/lib/system/libkxld.dylib
0x0000000006a2d000 	/usr/lib/libxar.1.dylib
0x0000000006a2d000 	/usr/lib/libpam.2.dylib
0x0000000006a2d000 	/usr/lib/libOpenScriptingUtil.dylib
0x0000000006a2d000 	/System/Library/Frameworks/CoreServices.framework/Versions/A/Frameworks/FSEvents.framework/Versions/A/FSEvents
0x0000000006a2d000 	/System/Library/Frameworks/CoreServices.framework/Versions/A/Frameworks/CarbonCore.framework/Versions/A/CarbonCore
0x0000000006a2d000 	/System/Library/Frameworks/CoreServices.framework/Versions/A/Frameworks/Metadata.framework/Versions/A/Metadata
0x0000000006a2d000 	/System/Library/Frameworks/CoreServices.framework/Versions/A/Frameworks/OSServices.framework/Versions/A/OSServices
0x0000000006a2d000 	/System/Library/Frameworks/CoreServices.framework/Versions/A/Frameworks/SearchKit.framework/Versions/A/SearchKit
0x0000000006a2d000 	/System/Library/Frameworks/CoreServices.framework/Versions/A/Frameworks/AE.framework/Versions/A/AE
0x0000000006a2d000 	/System/Library/Frameworks/CoreServices.framework/Versions/A/Frameworks/LaunchServices.framework/Versions/A/LaunchServices
0x0000000006a2d000 	/System/Library/Frameworks/CoreServices.framework/Versions/A/Frameworks/DictionaryServices.framework/Versions/A/DictionaryServices
0x0000000006a2d000 	/System/Library/Frameworks/NetFS.framework/Versions/A/NetFS
0x0000000006a2d000 	/System/Library/PrivateFrameworks/NetAuth.framework/Versions/A/NetAuth
0x0000000006a2d000 	/System/Library/PrivateFrameworks/login.framework/Versions/A/Frameworks/loginsupport.framework/Versions/A/loginsupport
0x0000000006a2d000 	/System/Library/PrivateFrameworks/TCC.framework/Versions/A/TCC
0x0000000006a2d000 	/usr/lib/libmecabra.dylib
0x0000000006a2d000 	/System/Library/Frameworks/ApplicationServices.framework/Versions/A/Frameworks/ATS.framework/Versions/A/ATS
0x0000000006a2d000 	/System/Library/Frameworks/ApplicationServices.framework/Versions/A/Frameworks/ColorSync.framework/Versions/A/ColorSync
0x0000000006a2d000 	/System/Library/Frameworks/ApplicationServices.framework/Versions/A/Frameworks/HIServices.framework/Versions/A/HIServices
0x0000000006a2d000 	/System/Library/Frameworks/ApplicationServices.framework/Versions/A/Frameworks/LangAnalysis.framework/Versions/A/LangAnalysis
0x0000000006a2d000 	/System/Library/Frameworks/ApplicationServices.framework/Versions/A/Frameworks/PrintCore.framework/Versions/A/PrintCore
0x0000000006a2d000 	/System/Library/Frameworks/ApplicationServices.framework/Versions/A/Frameworks/QD.framework/Versions/A/QD
0x0000000006a2d000 	/System/Library/Frameworks/ApplicationServices.framework/Versions/A/Frameworks/SpeechSynthesis.framework/Versions/A/SpeechSynthesis
0x0000000006a2d000 	/System/Library/Frameworks/Accelerate.framework/Versions/A/Accelerate
0x0000000006a2d000 	/System/Library/Frameworks/Accelerate.framework/Versions/A/Frameworks/vImage.framework/Versions/A/vImage
0x0000000006a2d000 	/System/Library/Frameworks/Accelerate.framework/Versions/A/Frameworks/vecLib.framework/Versions/A/vecLib
0x0000000006a2d000 	/System/Library/Frameworks/Accelerate.framework/Versions/A/Frameworks/vecLib.framework/Versions/A/libvDSP.dylib
0x0000000006a2d000 	/System/Library/Frameworks/Accelerate.framework/Versions/A/Frameworks/vecLib.framework/Versions/A/libvMisc.dylib
0x0000000006a2d000 	/System/Library/Frameworks/Accelerate.framework/Versions/A/Frameworks/vecLib.framework/Versions/A/libLAPACK.dylib
0x0000000006a2d000 	/System/Library/Frameworks/Accelerate.framework/Versions/A/Frameworks/vecLib.framework/Versions/A/libBLAS.dylib
0x0000000006a2d000 	/System/Library/Frameworks/Accelerate.framework/Versions/A/Frameworks/vecLib.framework/Versions/A/libLinearAlgebra.dylib
0x0000000006a2d000 	/System/Library/Frameworks/ApplicationServices.framework/Versions/A/Frameworks/ATS.framework/Versions/A/Resources/libFontParser.dylib
0x0000000006a2d000 	/System/Library/Frameworks/ApplicationServices.framework/Versions/A/Frameworks/ATS.framework/Versions/A/Resources/libFontRegistry.dylib
0x0000000006a2d000 	/System/Library/PrivateFrameworks/AppleVPA.framework/Versions/A/AppleVPA
0x0000000006a2d000 	/System/Library/PrivateFrameworks/AppleJPEG.framework/Versions/A/AppleJPEG
0x0000000006a2d000 	/System/Library/Frameworks/ImageIO.framework/Versions/A/Resources/libJPEG.dylib
0x0000000006a2d000 	/System/Library/Frameworks/ImageIO.framework/Versions/A/Resources/libTIFF.dylib
0x0000000006a2d000 	/System/Library/Frameworks/ImageIO.framework/Versions/A/Resources/libPng.dylib
0x0000000006a2d000 	/System/Library/Frameworks/ImageIO.framework/Versions/A/Resources/libGIF.dylib
0x0000000006a2d000 	/System/Library/Frameworks/ImageIO.framework/Versions/A/Resources/libJP2.dylib
0x0000000006a2d000 	/System/Library/Frameworks/ImageIO.framework/Versions/A/Resources/libRadiance.dylib
0x0000000006a2d000 	/System/Library/Frameworks/CoreVideo.framework/Versions/A/CoreVideo
0x0000000006a2d000 	/System/Library/Frameworks/OpenGL.framework/Versions/A/Libraries/libGLU.dylib
0x0000000006a2d000 	/System/Library/Frameworks/OpenGL.framework/Versions/A/Libraries/libGFXShared.dylib
0x0000000006a2d000 	/System/Library/Frameworks/OpenGL.framework/Versions/A/Libraries/libGL.dylib
0x0000000006a2d000 	/System/Library/Frameworks/OpenGL.framework/Versions/A/Libraries/libGLImage.dylib
0x0000000006a2d000 	/System/Library/Frameworks/OpenGL.framework/Versions/A/Libraries/libCVMSPluginSupport.dylib
0x0000000006a2d000 	/System/Library/Frameworks/OpenGL.framework/Versions/A/Libraries/libCoreVMClient.dylib
0x0000000006a2d000 	/usr/lib/libcups.2.dylib
0x0000000006a2d000 	/System/Library/Frameworks/Kerberos.framework/Versions/A/Kerberos
0x0000000006a2d000 	/System/Library/Frameworks/GSS.framework/Versions/A/GSS
0x0000000006a2d000 	/usr/lib/libresolv.9.dylib
0x0000000006a2d000 	/usr/lib/libiconv.2.dylib
0x0000000006a2d000 	/System/Library/PrivateFrameworks/Heimdal.framework/Versions/A/Heimdal
0x0000000006a2d000 	/usr/lib/libheimdal-asn1.dylib
0x0000000006a2d000 	/System/Library/Frameworks/OpenDirectory.framework/Versions/A/OpenDirectory
0x0000000006a2d000 	/System/Library/PrivateFrameworks/CommonAuth.framework/Versions/A/CommonAuth
0x0000000006a2d000 	/System/Library/Frameworks/OpenDirectory.framework/Versions/A/Frameworks/CFOpenDirectory.framework/Versions/A/CFOpenDirectory
0x0000000006a2d000 	/System/Library/Frameworks/SecurityFoundation.framework/Versions/A/SecurityFoundation
0x0000000006a2d000 	/System/Library/PrivateFrameworks/LanguageModeling.framework/Versions/A/LanguageModeling
0x0000000006a2d000 	/usr/lib/libcmph.dylib
0x0000000006a2d000 	/System/Library/Frameworks/ServiceManagement.framework/Versions/A/ServiceManagement
0x0000000006a2d000 	/usr/lib/libxslt.1.dylib
0x0000000006a2d000 	/System/Library/Frameworks/Carbon.framework/Versions/A/Frameworks/Ink.framework/Versions/A/Ink
0x0000000006a2d000 	/System/Library/Frameworks/QuartzCore.framework/Versions/A/Frameworks/CoreImage.framework/Versions/A/CoreImage
0x0000000006a2d000 	/System/Library/PrivateFrameworks/CrashReporterSupport.framework/Versions/A/CrashReporterSupport
0x0000000006a2d000 	/System/Library/Frameworks/OpenCL.framework/Versions/A/OpenCL
0x0000000006a2d000 	/System/Library/PrivateFrameworks/FaceCore.framework/Versions/A/FaceCore
0x0000000006a2d000 	/System/Library/PrivateFrameworks/Ubiquity.framework/Versions/A/Ubiquity
0x0000000006a2d000 	/System/Library/PrivateFrameworks/IconServices.framework/Versions/A/IconServices
0x0000000006a2d000 	/System/Library/PrivateFrameworks/ChunkingLibrary.framework/Versions/A/ChunkingLibrary
0x0000000006a2d000 	/System/Library/PrivateFrameworks/Apple80211.framework/Versions/A/Apple80211
0x0000000006a2d000 	/System/Library/Frameworks/CoreWLAN.framework/Versions/A/CoreWLAN
0x0000000006a2d000 	/System/Library/Frameworks/IOBluetooth.framework/Versions/A/IOBluetooth
0x0000000006a2d000 	/System/Library/PrivateFrameworks/CoreWiFi.framework/Versions/A/CoreWiFi
0x0000000006a2d000 	/System/Library/Frameworks/CoreBluetooth.framework/Versions/A/CoreBluetooth
0x0000000006a2d000 	/System/Library/PrivateFrameworks/DebugSymbols.framework/Versions/A/DebugSymbols
0x0000000006a2d000 	/System/Library/PrivateFrameworks/CoreSymbolication.framework/Versions/A/CoreSymbolication
0x0000000006a2d000 	/System/Library/PrivateFrameworks/Symbolication.framework/Versions/A/Symbolication
0x0000000006a2d000 	/System/Library/PrivateFrameworks/SpeechRecognitionCore.framework/Versions/A/SpeechRecognitionCore
0x000000010b600000 	/Library/Java/JavaVirtualMachines/jdk1.8.0_74.jdk/Contents/Home/jre/lib/server/libjvm.dylib
0x0000000006a2d000 	/usr/lib/libstdc++.6.dylib
0x000000010a512000 	/Library/Java/JavaVirtualMachines/jdk1.8.0_74.jdk/Contents/Home/jre/lib/libverify.dylib
0x000000010a520000 	/Library/Java/JavaVirtualMachines/jdk1.8.0_74.jdk/Contents/Home/jre/lib/libjava.dylib
0x000000010a556000 	/Library/Java/JavaVirtualMachines/jdk1.8.0_74.jdk/Contents/Home/jre/lib/libjdwp.dylib
0x000000010a5a1000 	/Library/Java/JavaVirtualMachines/jdk1.8.0_74.jdk/Contents/Home/jre/lib/libnpt.dylib
0x000000010a5ae000 	/Library/Java/JavaVirtualMachines/jdk1.8.0_74.jdk/Contents/Home/jre/lib/libzip.dylib
0x0000000128220000 	/System/Library/Frameworks/JavaVM.framework/Frameworks/JavaRuntimeSupport.framework/JavaRuntimeSupport
0x0000000128236000 	/System/Library/Frameworks/JavaVM.framework/Versions/A/Frameworks/JavaNativeFoundation.framework/Versions/A/JavaNativeFoundation
0x000000012824a000 	/System/Library/Frameworks/JavaVM.framework/Versions/A/JavaVM
0x0000000006a2d000 	/System/Library/Frameworks/Carbon.framework/Versions/A/Carbon
0x0000000128256000 	/System/Library/PrivateFrameworks/JavaLaunching.framework/Versions/A/JavaLaunching
0x0000000006a2d000 	/System/Library/Frameworks/Carbon.framework/Versions/A/Frameworks/CommonPanels.framework/Versions/A/CommonPanels
0x0000000006a2d000 	/System/Library/Frameworks/Carbon.framework/Versions/A/Frameworks/Help.framework/Versions/A/Help
0x0000000006a2d000 	/System/Library/Frameworks/Carbon.framework/Versions/A/Frameworks/ImageCapture.framework/Versions/A/ImageCapture
0x0000000006a2d000 	/System/Library/Frameworks/Carbon.framework/Versions/A/Frameworks/OpenScripting.framework/Versions/A/OpenScripting
0x0000000006a2d000 	/System/Library/Frameworks/Carbon.framework/Versions/A/Frameworks/Print.framework/Versions/A/Print
0x0000000006a2d000 	/System/Library/Frameworks/Carbon.framework/Versions/A/Frameworks/SecurityHI.framework/Versions/A/SecurityHI
0x0000000129c40000 	/Library/Java/JavaVirtualMachines/jdk1.8.0_74.jdk/Contents/Home/jre/lib/libdt_socket.dylib
0x000000012adae000 	/Library/Java/JavaVirtualMachines/jdk1.8.0_74.jdk/Contents/Home/jre/lib/libmanagement.dylib
0x000000012adbc000 	/Library/Java/JavaVirtualMachines/jdk1.8.0_74.jdk/Contents/Home/jre/lib/libnet.dylib
0x000000012abc4000 	/Library/Java/JavaVirtualMachines/jdk1.8.0_74.jdk/Contents/Home/jre/lib/libnio.dylib

VM Arguments:
jvm_args: -agentlib:jdwp=transport=dt_socket,suspend=y,address=localhost:62639 -Dfile.encoding=UTF-8 
java_command: com.techflow.propiedadesCR.config.PropiedadesCRApp
java_class_path (initial): /Users/walterg/Desktop/Desktop/DEV/sts-bundle/workspace-sts-3.7.2.RELEASE/propiedadesCR/propiedadesCR/target/classes:/Users/walterg/.m2/repository/org/springframework/boot/spring-boot-starter-aop/1.2.3.RELEASE/spring-boot-starter-aop-1.2.3.RELEASE.jar:/Users/walterg/.m2/repository/org/springframework/boot/spring-boot-starter/1.2.3.RELEASE/spring-boot-starter-1.2.3.RELEASE.jar:/Users/walterg/.m2/repository/org/springframework/boot/spring-boot/1.2.3.RELEASE/spring-boot-1.2.3.RELEASE.jar:/Users/walterg/.m2/repository/org/springframework/boot/spring-boot-autoconfigure/1.2.3.RELEASE/spring-boot-autoconfigure-1.2.3.RELEASE.jar:/Users/walterg/.m2/repository/org/springframework/boot/spring-boot-starter-logging/1.2.3.RELEASE/spring-boot-starter-logging-1.2.3.RELEASE.jar:/Users/walterg/.m2/repository/org/slf4j/jul-to-slf4j/1.7.11/jul-to-slf4j-1.7.11.jar:/Users/walterg/.m2/repository/org/slf4j/log4j-over-slf4j/1.7.11/log4j-over-slf4j-1.7.11.jar:/Users/walterg/.m2/repository/ch/qos/logback/logback-classic/1.1.3/logback-classic-1.1.3.jar:/Users/walterg/.m2/repository/ch/qos/logback/logback-core/1.1.3/logback-core-1.1.3.jar:/Users/walterg/.m2/repository/org/yaml/snakeyaml/1.14/snakeyaml-1.14.jar:/Users/walterg/.m2/repository/org/springframework/spring-aop/4.1.6.RELEASE/spring-aop-4.1.6.RELEASE.jar:/Users/walterg/.m2/repository/aopalliance/aopalliance/1.0/aopalliance-1.0.jar:/Users/walterg/.m2/repository/org/springframework/spring-beans/4.1.6.RELEASE/spring-beans-4.1.6.RELEASE.jar:/Users/walterg/.m2/repository/org/springframework/spring-core/4.1.6.RELEASE/spring-core-4.1.6.RELEASE.jar:/Users/walterg/.m2/repository/org/aspectj/aspectjrt/1.8.5/aspectjrt-1.8.5.jar:/Users/walterg/.m2/repository/org/aspectj/aspectjweaver/1.8.5/aspectjweaver-1.8.5.jar:/Users/walterg/.m2/repository/org/springframework/boot/spring-boot-starter-data-jpa/1.2.3.RELEASE/spring-boot-starter-data-jpa-1.2.3.RELEASE.jar:/Users/walterg/.m2/repository/org/springframework/boot/spring-boo
Launcher Type: SUN_STANDARD

Environment Variables:
PATH=/usr/bin:/bin:/usr/sbin:/sbin
SHELL=/bin/sh
DISPLAY=/private/tmp/com.apple.launchd.1GMacsMvd9/org.macosforge.xquartz:0

Signal Handlers:
SIGSEGV: [libjvm.dylib+0x5a6855], sa_mask[0]=11111111011111110111111111111111, sa_flags=SA_ONSTACK|SA_RESTART|SA_SIGINFO
SIGBUS: [libjvm.dylib+0x5a6855], sa_mask[0]=11111111011111110111111111111111, sa_flags=SA_RESTART|SA_SIGINFO
SIGFPE: [libjvm.dylib+0x4804ec], sa_mask[0]=11111111011111110111111111111111, sa_flags=SA_RESTART|SA_SIGINFO
SIGPIPE: [libjvm.dylib+0x4804ec], sa_mask[0]=11111111011111110111111111111111, sa_flags=SA_RESTART|SA_SIGINFO
SIGXFSZ: [libjvm.dylib+0x4804ec], sa_mask[0]=11111111011111110111111111111111, sa_flags=SA_RESTART|SA_SIGINFO
SIGILL: [libjvm.dylib+0x4804ec], sa_mask[0]=11111111011111110111111111111111, sa_flags=SA_RESTART|SA_SIGINFO
SIGUSR1: SIG_DFL, sa_mask[0]=00000000000000000000000000000000, sa_flags=none
SIGUSR2: [libjvm.dylib+0x48000a], sa_mask[0]=00100000000000000000000000000000, sa_flags=SA_RESTART|SA_SIGINFO
SIGHUP: [libjvm.dylib+0x47e5e1], sa_mask[0]=11111111011111110111111111111111, sa_flags=SA_RESTART|SA_SIGINFO
SIGINT: [libjvm.dylib+0x47e5e1], sa_mask[0]=11111111011111110111111111111111, sa_flags=SA_RESTART|SA_SIGINFO
SIGTERM: [libjvm.dylib+0x47e5e1], sa_mask[0]=11111111011111110111111111111111, sa_flags=SA_RESTART|SA_SIGINFO
SIGQUIT: [libjvm.dylib+0x47e5e1], sa_mask[0]=11111111011111110111111111111111, sa_flags=SA_RESTART|SA_SIGINFO


---------------  S Y S T E M  ---------------

OS:Bsduname:Darwin 14.5.0 Darwin Kernel Version 14.5.0: Wed Jul 29 02:26:53 PDT 2015; root:xnu-2782.40.9~1/RELEASE_X86_64 x86_64
rlimit: STACK 8192k, CORE 0k, NPROC 709, NOFILE 10240, AS infinity
load average:1.65 1.64 1.72

CPU:total 8 (4 cores per cpu, 2 threads per core) family 6 model 70 stepping 1, cmov, cx8, fxsr, mmx, sse, sse2, sse3, ssse3, sse4.1, sse4.2, popcnt, avx, avx2, aes, clmul, erms, lzcnt, ht, tsc, tscinvbit, bmi1, bmi2

Memory: 4k page, physical 16777216k(1934884k free)

/proc/meminfo:


vm_info: Java HotSpot(TM) 64-Bit Server VM (25.74-b02) for bsd-amd64 JRE (1.8.0_74-b02), built on Jan 29 2016 15:32:34 by "java_re" with gcc 4.2.1 (Based on Apple Inc. build 5658) (LLVM build 2336.11.00)

time: Sat Apr  2 17:49:31 2016
elapsed time: 605 seconds (0d 0h 10m 5s)

